2026-03-04 15:22:39,959 - INFO - [1/5092] 处理中...
2026-03-04 15:22:39,959 - INFO - 处理: (+)-10-樟脑磺酸（CSA）
2026-03-04 15:23:18,123 - ERROR - 处理文件失败: [Errno 2] No such file or directory: 'random_80_rows.xlsx'
2026-03-04 15:24:06,030 - INFO - [1/5092] 处理中...
2026-03-04 15:24:06,031 - INFO - 处理: (+)-10-樟脑磺酸（CSA）
2026-03-04 15:24:18,324 - INFO - [2/5092] 处理中...
2026-03-04 15:24:18,324 - INFO - 处理: (+)-terrein
2026-03-04 15:24:29,582 - INFO - [3/5092] 处理中...
2026-03-04 15:24:29,582 - INFO - 处理: (2Z,4Z)-1,6-diacetoxy-3,4-bis(triethoxysilyl)hexa-2,4-diene
2026-03-04 15:27:02,684 - ERROR - 处理文件失败: [Errno 2] No such file or directory: 'chemicals.xlsx'
2026-03-04 15:28:20,062 - INFO - [1/80] 处理中...
2026-03-04 15:28:20,062 - INFO - 处理: CuCl2
2026-03-04 15:28:21,805 - INFO - [2/80] 处理中...
2026-03-04 15:28:21,805 - INFO - 处理: R-(C3H7)3N+
2026-03-04 15:28:31,584 - INFO - [3/80] 处理中...
2026-03-04 15:28:31,584 - INFO - 处理: Cellulosic fibers
2026-03-04 15:28:33,341 - INFO - [4/80] 处理中...
2026-03-04 15:28:33,341 - INFO - 处理: Porous ceramic plates
2026-03-04 15:28:35,347 - INFO - [5/80] 处理中...
2026-03-04 15:28:35,347 - INFO - 处理: 1,4-phenylenediamine (PPD)
2026-03-04 15:28:44,295 - INFO - [6/80] 处理中...
2026-03-04 15:28:44,295 - INFO - 处理: PBTC
2026-03-04 15:28:46,027 - INFO - [7/80] 处理中...
2026-03-04 15:28:47,752 - INFO - [8/80] 处理中...
2026-03-04 15:28:47,752 - INFO - 处理: Phenyl isocyanate
2026-03-04 15:28:54,588 - INFO - [9/80] 处理中...
2026-03-04 15:29:12,261 - INFO - [10/80] 处理中...
2026-03-04 15:29:12,261 - INFO - 处理: N,N-diethylaniline
2026-03-04 15:29:13,986 - INFO - [11/80] 处理中...
2026-03-04 15:29:13,986 - INFO - 处理: Camphor sulfonic acid (CSA)
2026-03-04 15:29:23,576 - INFO - [12/80] 处理中...
2026-03-04 15:29:23,576 - INFO - 处理: 1,2-dichloroethane
2026-03-04 15:29:26,215 - INFO - [13/80] 处理中...
2026-03-04 15:29:26,215 - INFO - 处理: PEO
2026-03-04 15:29:31,463 - INFO - [14/80] 处理中...
2026-03-04 15:29:31,463 - INFO - 处理: Phosphonic acid (H2O3P+)
2026-03-04 15:29:43,239 - INFO - [15/80] 处理中...
2026-03-04 15:29:43,239 - INFO - 处理: LTA 沸石
2026-03-04 15:29:45,356 - INFO - [16/80] 处理中...
2026-03-04 15:29:45,356 - INFO - 处理: CNT4
2026-03-04 15:29:47,097 - INFO - [17/80] 处理中...
2026-03-04 15:29:47,097 - INFO - 处理: Microfiltration PAN membrane
2026-03-04 15:29:49,176 - INFO - [18/80] 处理中...
2026-03-04 15:29:49,176 - INFO - 处理: AC-HBPAE-20
2026-03-04 15:29:53,977 - INFO - [19/80] 处理中...
2026-03-04 15:29:53,977 - INFO - 处理: Pillared Graphene
2026-03-04 15:29:55,716 - INFO - [20/80] 处理中...
2026-03-04 15:29:55,716 - INFO - 处理: Fluosilicic acid (FSA)
2026-03-04 15:30:07,668 - INFO - [21/80] 处理中...
2026-03-04 15:30:07,668 - INFO - 处理: PSF-40
2026-03-04 15:30:09,394 - INFO - [22/80] 处理中...
2026-03-04 15:30:09,394 - INFO - 处理: 聚醚砜/壳聚糖/聚酰胺
2026-03-04 15:30:11,113 - INFO - [23/80] 处理中...
2026-03-04 15:30:11,113 - INFO - 处理: CuO nanoparticles
2026-03-04 15:30:13,135 - INFO - [24/80] 处理中...
2026-03-04 15:30:13,135 - INFO - 处理: DMSO(水相)
2026-03-04 15:30:22,262 - INFO - [25/80] 处理中...
2026-03-04 15:30:22,262 - INFO - 处理: 芳香聚酰胺-酰肼
2026-03-04 15:30:24,006 - INFO - [26/80] 处理中...
2026-03-04 15:30:24,007 - INFO - 处理: EHD(水相)
2026-03-04 15:30:36,689 - INFO - [27/80] 处理中...
2026-03-04 15:30:36,689 - INFO - 处理: Aromatic polyamide-hydrazide (PAH) terpolymer (MABH:50, PABH:50, ICl:100 mole%)
2026-03-04 15:30:53,894 - INFO - [28/80] 处理中...
2026-03-04 15:30:53,894 - INFO - 处理: Free oxidants (40%-HOCI, OCI-
2026-03-04 15:30:55,614 - INFO - [29/80] 处理中...
2026-03-04 15:30:55,614 - INFO - 处理: CuBr2
2026-03-04 15:30:57,329 - INFO - [30/80] 处理中...
2026-03-04 15:30:57,329 - INFO - 处理: o-ABA-TEA salt, IPA
2026-03-04 15:30:59,135 - INFO - [31/80] 处理中...
2026-03-04 15:30:59,135 - INFO - 处理: A (70-80nm)
2026-03-04 15:31:07,758 - INFO - [32/80] 处理中...
2026-03-04 15:31:07,758 - INFO - 处理: 突变水通道蛋白
2026-03-04 15:31:09,502 - INFO - [33/80] 处理中...
2026-03-04 15:31:09,502 - INFO - 处理: Non-woven polyester
2026-03-04 15:31:11,244 - INFO - [34/80] 处理中...
2026-03-04 15:31:11,244 - INFO - 处理: Acrylic acid
2026-03-04 15:31:13,869 - INFO - [35/80] 处理中...
2026-03-04 15:31:13,869 - INFO - 处理: m-PD
2026-03-04 15:31:18,682 - INFO - [36/80] 处理中...
2026-03-04 15:31:18,682 - INFO - 处理: Poly(4-vinylpyridine-co-2,4-diamino-6-vinyl-s-triazine)
2026-03-04 15:31:31,921 - INFO - [37/80] 处理中...
2026-03-04 15:31:31,921 - INFO - 处理: Polypiperazine
2026-03-04 15:31:34,010 - INFO - [38/80] 处理中...
2026-03-04 15:31:34,010 - INFO - 处理: 环氧树脂
2026-03-04 15:31:35,740 - INFO - [39/80] 处理中...
2026-03-04 15:31:35,741 - INFO - 处理: 聚砜酰胺(PSA)
